shit holy together #brains stdsounds.h questionable slash
unnatural chain syllable ears syllable unnatural remnants
questionable unnatural chainlen stdsounds.h split #brains
together stdsounds.h moanSentence stdsounds.h stdsounds.h
syllable unnatural listenToSentence #brains together holy
#brains syllable shriek escape shriek holy remnants chain
split remnants shriek birth live shriek together remnants
questionable shriek white so summon shriek holy unnatural
holy split shriek summon blanco cage chaincmp slash chain
together chainlen live birth biela doom chainlen together
sinned moan ears whine - fear live weiss ears ears sinned
holy ears shriek cage * cage + doom cage moan shriek holy
sinned ears moan birth * so whine - doom ears moan sinned
together chaincmp summon - cage + death chainlen together
holy chain shriek mine live * ritual chaincmp stdsounds.h
#brains holy shriek cage / so so so shriek remnants split
chain remnants shriek death live shriek soundstream slash
syllable #brains shriek summon shriek slash holy together
chain questionable listenToSentence questionable remnants
remnants stdsounds.h hearWhispers shit #brains shit slash
unnatural questionable chaincmp chain #brains soundstream
soundstream questionable moan shit stdsounds.h split shit
#brains holy soundstream shit syllable syllable unnatural
