[0;32m shit holy together #brains stdsounds.h questionable slash
[0;32m unnatural chain syllable[1;33m ears[0;32m syllable unnatural remnants
[0;32m questionable unnatural[1;33m chainlen[0;32m stdsounds.h split #brains
[0;32m together stdsounds.h[1;33m moanSentence[0;32m stdsounds.h stdsounds.h
[0;32m syllable unnatural[1;33m listenToSentence[0;32m #brains together holy
[0;32m #brains syllable[1;33m shriek[0;34m escape[1;33m shriek[0;32m holy remnants chain
[0;32m split remnants[1;33m shriek[0;34m birth live[1;33m shriek[0;32m together remnants
[0;32m questionable[1;33m shriek[1;37m white[0;34m so summon[1;33m shriek[0;32m holy unnatural
[0;32m holy split[1;33m shriek[0;34m summon[1;37m blanco[0;34m cage[1;33m chaincmp[0;32m slash chain
[0;32m together[1;33m chainlen[0;34m live birth[1;37m biela[0;34m doom[1;33m chainlen[0;32m together
[0;32m sinned[1;33m moan ears[0;34m whine[1;37m -[0;34m fear live[1;37m weiss[1;33m ears ears[0;32m sinned
[0;32m holy[1;33m ears shriek[0;34m cage[1;37m *[0;34m cage[1;37m +[0;34m doom cage[1;33m moan shriek[0;32m holy
[0;32m sinned[1;33m ears moan[0;34m birth[1;37m *[0;34m so whine[1;37m -[0;34m doom[1;33m ears moan[0;32m sinned
[0;32m together[1;33m chaincmp[0;34m summon[1;37m -[0;34m cage[1;37m +[0;34m death[1;33m chainlen[0;32m together
[0;32m holy chain[1;33m shriek[0;34m mine live[1;37m *[0;34m ritual[1;33m chaincmp[0;32m stdsounds.h
[0;32m #brains holy[1;33m shriek[0;34m cage[1;37m /[0;34m so so so[1;33m shriek[0;32m remnants split
[0;32m chain remnants[1;33m shriek[0;34m death live[1;33m shriek[0;32m soundstream slash
[0;32m syllable #brains[1;33m shriek[0;34m summon[1;33m shriek[0;32m slash holy together
[0;32m chain questionable[1;33m listenToSentence[0;32m questionable remnants
[0;32m remnants stdsounds.h[1;33m hearWhispers[0;32m shit #brains shit slash
[0;32m unnatural questionable[1;33m chaincmp[0;32m chain #brains soundstream
[0;32m soundstream questionable[1;33m moan[0;32m shit stdsounds.h split shit
[0;32m #brains holy soundstream shit syllable syllable unnatural
